1641660196556	geckodriver	INFO	Listening on 127.0.0.1:52748
1641660199619	mozrunner::runner	INFO	Running command: "C:\\Program Files (x86)\\Mozilla Firefox\\firefox.exe" "--marionette" "--remote-debugging-port" "52749" "-no-remote" "-profile" "C:\\Users\\luca\\AppData\\Local\\Temp\\rust_mozprofileS2w8PA"
1641660200195	Marionette	INFO	Marionette enabled
console.warn: SearchSettings: "get: No settings file exists, new profile?" (new NotFoundError("Could not open the file at C:\\Users\\luca\\AppData\\Local\\Temp\\rust_mozprofileS2w8PA\\search.json.mozlz4", (void 0)))
DevTools listening on ws://localhost:52749/devtools/browser/faf8178e-6c7a-4130-9b33-f409a957feae
1641660203059	Marionette	INFO	Listening on port 52755
1641660203330	RemoteAgent	WARN	TLS certificate errors will be ignored for this session
JavaScript warning: https://static.geetest.com/static/js/fullpage.9.0.8.js, line 1: WEBGL_debug_renderer_info is deprecated in Firefox and will be removed. Please use RENDERER.
1641660434664	Marionette	INFO	Stopped listening on port 52755
console.warn: TopSitesFeed: Failed to fetch data from Contile server: NetworkError when attempting to fetch resource.
e" "--remote-debugging-port" "52913" "-no-remote" "-profile" "C:\\Users\\luca\\AppData\\Local\\Temp\\rust_mozprofileSzIGM5"
1641660434166	Marionette	INFO	Marionette enabled
console.warn: SearchSettings: "get: No settings file exists, new profile?" (new NotFoundError("Could not open the file at C:\\Users\\luca\\AppData\\Local\\Temp\\rust_mozprofileSzIGM5\\search.json.mozlz4", (void 0)))
DevTools listening on ws://localhost:52913/devtools/browser/385c36c0-a217-4bcb-a057-519fa01a76bf
1641660437351	Marionette	INFO	Listening on port 52918
1641660437567	RemoteAgent	WARN	TLS certificate errors will be ignored for this session
JavaScript warning: https://static.geetest.com/static/js/fullpage.9.0.8.js, line 1: WEBGL_debug_renderer_info is deprecated in Firefox and will be removed. Please use RENDERER.
1641660557028	Marionette	INFO	Stopped listening on port 52911641660558902	mozrunner::runner	INFO	Running command: "C:\\Program Files (x86)\\Mozilla Firefox\\firefox.exe" "--marionette" "--remote-debugging-port" "53043" "-no-remote" "-profile" "C:\\Users\\luca\\AppData\\Local\\Temp\\rust_mozprofile31QEUU"
1641660559393	Marionette	INFO	Marionette enabled
console.warn: SearchSettings: "get: No settings file exists, new profile?" (new NotFoundError("Could not open the file at C:\\Users\\luca\\AppData\\Local\\Temp\\rust_mozprofile31QEUU\\search.json.mozlz4", (void 0)))
DevTools listening on ws://localhost:53043/devtools/browser/8d356d59-d1e9-42f5-9685-0b5078e9a855
1641660561904	Marionette	INFO	Listening on port 53049
1641660562117	RemoteAgent	WARN	TLS certificate errors will be ignored for this session
JavaScript warning: https://static.geetest.com/static/js/fullpage.9.0.8.js, line 1: WEBGL_debug_renderer_info is deprecated in Firefox and will be removed. Please use RENDERER.
1641660766324	Marionette	INFO	Stopped listening on port 53049
console.warn: TopSitesFeed: Failed to fetch data from Contile server: NetworkError when attempting to fetch resource.

###!!! [Parent][RunMessage] Error: Channel closing: too late to send/recv, messages will be lost

1641661220418	geckodriver	INFO	Listening on 127.0.0.1:60098
1641661223513	mozrunner::runner	INFO	Running command: "C:\\Program Files (x86)\\Mozilla Firefox\\firefox.exe" "--marionette" "--remote-debugging-port" "60099" "-no-remote" "-profile" "C:\\Users\\luca\\AppData\\Local\\Temp\\rust_mozprofileFklxjS"
1641661223894	Marionette	INFO	Marionette enabled
console.warn: SearchSettings: "get: No settings file exists, new profile?" (new NotFoundError("Could not open the file at C:\\Users\\luca\\AppData\\Local\\Temp\\rust_mozprofileFklxjS\\search.json.mozlz4", (void 0)))
DevTools listening on ws://localhost:60099/devtools/browser/61cd0b04-d875-4767-800d-5982032ac98d
1641661226801	Marionette	INFO	Listening on port 60104
1641661227204	RemoteAgent	WARN	TLS certificate errors will be ignored for this session
JavaScript warning: https://static.geetest.com/static/js/fullpage.9.0.8.js, line 1: WEBGL_debug_renderer_info is deprecated in Firefox and will be removed. Please use RENDERER.
1641661736837	Marionette	INFO	Stopped listening on port 60104
console.warn: TopSitesFeed: Failed to fetch data from Contile server: NetworkError when attempting to fetch resource.

###!!! [Parent][RunMessage] Error: Channel closing: too late to send/recv, messages will be lost

ust_mozprofileO4d8kX"
1641661495240	Marionette	INFO	Marionette enabled
console.warn: SearchSettings: "get: No settings file exists, new profile?" (new NotFoundError("Could not open the file at C:\\Users\\luca\\AppData\\Local\\Temp\\rust_mozprofileO4d8kX\\search.json.mozlz4", (void 0)))
DevTools listening on ws://localhost:63450/devtools/browser/bedbbec4-67e3-48b5-ac7c-d72da0c2fef6
1641661498852	Marionette	INFO	Listening on port 63455
1641661499340	RemoteAgent	WARN	TLS certificate errors will be ignored for this session
JavaScript warning: https://static.geetest.com/static/js/fullpage.9.0.8.js, line 1: WEBGL_debug_renderer_info is deprecated in Firefox and will be removed. Please use RENDERER.
1641661591463	Marionette	INFO	Stopped listening on port 63455
console.warn: TopSitesFeed: Failed to fetch data from Contile server: NetworkError when attempting to fetch resource.

###!!! [Parent][RunMessage] Error: Channel closing: too late to send/recv, messages will be lost

1641661627720	geckodriver	INFO	Listening on 127.0.0.1:63600
1641661630782	mozrunner::runner	INFO	Running command: "C:\\Program Files (x86)\\Mozilla Firefox\\firefox.exe" "--marionette" "--remote-debugging-port" "63601" "-no-remote" "-profile" "C:\\Users\\luca\\AppData\\Local\\Temp\\rust_mozprofilemxctrE"
1641661631626	Marionette	INFO	Marionette enabled
console.warn: SearchSettings: "get: No settings file exists, new profile?" (new NotFoundError("Could not open the file at C:\\Users\\luca\\AppData\\Local\\Temp\\rust_mozprofilemxctrE\\search.json.mozlz4", (void 0)))
DevTools listening on ws://localhost:63601/devtools/browser/b0ad4462-5c6d-4cfe-88ca-d7f6b3d2e5d6
1641661637388	Marionette	INFO	Listening on port 63607
1641661637907	RemoteAgent	WARN	TLS certificate errors will be ignored for this session
JavaScript warning: https://static.geetest.com/static/js/fullpage.9.0.8.js, line 1: WEBGL_debug_renderer_info is deprecated in Firefox and will be removed. Please use RENDERER.
1641661738332	Marionette	INFO	Stopped listening on port 63607
console.warn: TopSitesFeed: Failed to fetch data from Contile server: NetworkError when attempting to fetch resource.

###!!! [Parent][RunMessage] Error: Channel closing: too late to send/recv, messages will be lost

1641663213065	geckodriver	INFO	Listening on 127.0.0.1:64550
1641663216175	mozrunner::runner	INFO	Running command: "C:\\Program Files (x86)\\Mozilla Firefox\\firefox.exe" "--marionette" "--remote-debugging-port" "64551" "-no-remote" "-profile" "C:\\Users\\luca\\AppData\\Local\\Temp\\rust_mozprofilevvu5Fx"
1641663216951	Marionette	INFO	Marionette enabled
console.warn: SearchSettings: "get: No settings file exists, new profile?" (new NotFoundError("Could not open the file at C:\\Users\\luca\\AppData\\Local\\Temp\\rust_mozprofilevvu5Fx\\search.json.mozlz4", (void 0)))
DevTools listening on ws://localhost:64551/devtools/browser/108d1de4-7233-43d3-85ff-ebc6ff4c76ac
1641663219820	Marionette	INFO	Listening on port 64556
1641663219869	RemoteAgent	WARN	TLS certificate errors will be ignored for this session
JavaScript warning: https://static.geetest.com/static/js/fullpage.9.0.8.js, line 1: WEBGL_debug_renderer_info is deprecated in Firefox and will be removed. Please use RENDERER.
1641663252414	Marionette	INFO	Stopped listening on port 64556
console.warn: TopSitesFeed: Failed to fetch data from Contile server: NetworkError when attempting to fetch resource.
JavaScript error: chrome://remote/content/marionette/cert.js, line 55: NS_ERROR_NOT_AVAILABLE: Component returned failure code: 0x80040111 (NS_ERROR_NOT_AVAILABLE) [nsICertOverrideService.setDisableAllSecurityChecksAndLetAttackersInterceptMyData]
1641663410806	geckodriver	INFO	Listening on 127.0.0.1:64689
1641663413874	mozrunner::runner	INFO	Running command: "C:\\Program Files (x86)\\Mozilla Firefox\\firefox.exe" "--marionette" "--remote-debugging-port" "64690" "-no-remote" "-profile" "C:\\Users\\luca\\AppData\\Local\\Temp\\rust_mozprofile0oQuYA"
1641663414260	Marionette	INFO	Marionette enabled
console.warn: SearchSettings: "get: No settings file exists, new profile?" (new NotFoundError("Could not open the file at C:\\Users\\luca\\AppData\\Local\\Temp\\rust_mozprofile0oQuYA\\search.json.mozlz4", (void 0)))
DevTools listening on ws://localhost:64690/devtools/browser/2b6c1544-75f5-482d-a973-b28e7fbc2c7c
1641663416552	Marionette	INFO	Listening on port 64696
1641663417048	RemoteAgent	WARN	TLS certificate errors will be ignored for this session
JavaScript warning: https://static.geetest.com/static/js/fullpage.9.0.8.js, line 1: WEBGL_debug_renderer_info is deprecated in Firefox and will be removed. Please use RENDERER.
1641663450956	Marionette	INFO	Stopped listening on port 64696

###!!! [Child][MessageChannel] Error: (msgtype=0x590008,name=PHttpChannel::Msg_DeletingChannel) Channel closing: too late to send/recv, messages will be lost


###!!! [Child][MessageChannel] Error: (msgtype=0x590008,name=PHttpChannel::Msg_DeletingChannel) Channel closing: too late to send/recv, messages will be lost


###!!! [Child][MessageChannel] Error: (msgtype=0x590008,name=PHttpChannel::Msg_DeletingChannel) Channel closing: too late to send/recv, messages will be lost


###!!! [Child][MessageChannel] Error: (msgtype=0x590008,name=PHttpChannel::Msg_DeletingChannel) Channel closing: too late to send/recv, messages will be lost


###!!! [Child][RunMessage] Error: Channel closing: too late to send/recv, messages will be lost


###!!! [Child][RunMessage] Error: Channel closing: too late to send/recv, messages will be lost


###!!! [Child][RunMessage] Error: Channel closing: too late to send/recv, messages will be lost


###!!! [Child][RunMessage] Error: Channel closing: too late to send/recv, messages will be lost


###!!! [Child][RunMessage] Error: Channel closing: too late to send/recv, messages will be lost

console.warn: TopSitesFeed: Failed to fetch data from Contile server: NetworkError when attempting to fetch resource.
JavaScript error: chrome://remote/content/marionette/cert.js, line 55: NS_ERROR_NOT_AVAILABLE: Component returned failure code: 0x80040111 (NS_ERROR_NOT_AVAILABLE) [nsICertOverrideService.setDisableAllSecurityChecksAndLetAttackersInterceptMyData]

###!!! [Parent][RunMessage] Error: Channel closing: too late to send/recv, messages will be lost

1641663505344	geckodriver	INFO	Listening on 127.0.0.1:64819
1641663508420	mozrunner::runner	INFO	Running command: "C:\\Program Files (x86)\\Mozilla Firefox\\firefox.exe" "--marionette" "--remote-debugging-port" "64820" "-no-remote" "-profile" "C:\\Users\\luca\\AppData\\Local\\Temp\\rust_mozprofileGeGhfn"
1641663509037	Marionette	INFO	Marionette enabled
console.warn: SearchSettings: "get: No settings file exists, new profile?" (new NotFoundError("Could not open the file at C:\\Users\\luca\\AppData\\Local\\Temp\\rust_mozprofileGeGhfn\\search.json.mozlz4", (void 0)))
DevTools listening on ws://localhost:64820/devtools/browser/f127c1ef-943c-40f7-a219-e9bc800c3757
1641663512334	Marionette	INFO	Listening on port 64825
1641663512624	RemoteAgent	WARN	TLS certificate errors will be ignored for this session
JavaScript warning: https://static.geetest.com/static/js/fullpage.9.0.8.js, line 1: WEBGL_debug_renderer_info is deprecated in Firefox and will be removed. Please use RENDERER.
1641663563789	Marionette	INFO	Stopped listening on port 64825

###!!! [Child][RunMessage] Error: Channel closing: too late to send/recv, messages will be lost


###!!! [Child][RunMessage] Error: Channel closing: too late to send/recv, messages will be lost

console.warn: TopSitesFeed: Failed to fetch data from Contile server: NetworkError when attempting to fetch resource.
JavaScript error: chrome://remote/content/marionette/cert.js, line 55: NS_ERROR_NOT_AVAILABLE: Component returned failure code: 0x80040111 (NS_ERROR_NOT_AVAILABLE) [nsICertOverrideService.setDisableAllSecurityChecksAndLetAttackersInterceptMyData]

###!!! [Parent][RunMessage] Error: Channel closing: too late to send/recv, messages will be lost

1641663656794	geckodriver	INFO	Listening on 127.0.0.1:65009
1641663659842	mozrunner::runner	INFO	Running command: "C:\\Program Files (x86)\\Mozilla Firefox\\firefox.exe" "--marionette" "--remote-debugging-port" "65010" "-no-remote" "-profile" "C:\\Users\\luca\\AppData\\Local\\Temp\\rust_mozprofilemvvJap"
1641663660233	Marionette	INFO	Marionette enabled
console.warn: SearchSettings: "get: No settings file exists, new profile?" (new NotFoundError("Could not open the file at C:\\Users\\luca\\AppData\\Local\\Temp\\rust_mozprofilemvvJap\\search.json.mozlz4", (void 0)))
DevTools listening on ws://localhost:65010/devtools/browser/feb88ff2-9ee0-4fe9-a52a-ebbb04afade8
1641663662725	Marionette	INFO	Listening on port 65023
1641663663047	RemoteAgent	WARN	TLS certificate errors will be ignored for this session
JavaScript warning: https://static.geetest.com/static/js/fullpage.9.0.8.js, line 1: WEBGL_debug_renderer_info is deprecated in Firefox and will be removed. Please use RENDERER.
1641663706527	Marionette	INFO	Stopped listening on port 65023
console.warn: TopSitesFeed: Failed to fetch data from Contile server: NetworkError when attempting to fetch resource.

###!!! [Parent][RunMessage] Error: Channel closing: too late to send/recv, messages will be lost

1641663716888	geckodriver	INFO	Listening on 127.0.0.1:65130
1641663719986	mozrunner::runner	INFO	Running command: "C:\\Program Files (x86)\\Mozilla Firefox\\firefox.exe" "--marionette" "--remote-debugging-port" "65131" "-no-remote" "-profile" "C:\\Users\\luca\\AppData\\Local\\Temp\\rust_mozprofilel2G44B"
1641663720352	Marionette	INFO	Marionette enabled
console.warn: SearchSettings: "get: No settings file exists, new profile?" (new NotFoundError("Could not open the file at C:\\Users\\luca\\AppData\\Local\\Temp\\rust_mozprofilel2G44B\\search.json.mozlz4", (void 0)))
DevTools listening on ws://localhost:65131/devtools/browser/a7bc3662-9444-42c3-a3a2-4c8dfe8222f8
1641663722965	Marionette	INFO	Listening on port 65137
1641663723188	RemoteAgent	WARN	TLS certificate errors will be ignored for this session
JavaScript warning: https://static.geetest.com/static/js/fullpage.9.0.8.js, line 1: WEBGL_debug_renderer_info is deprecated in Firefox and will be removed. Please use RENDERER.
1641663756892	Marionette	INFO	Stopped listening on port 65137

###!!! [Child][RunMessage] Error: Channel closing: too late to send/recv, messages will be lost

console.warn: TopSitesFeed: Failed to fetch data from Contile server: NetworkError when attempting to fetch resource.
JavaScript error: chrome://remote/content/marionette/cert.js, line 55: NS_ERROR_NOT_AVAILABLE: Component returned failure code: 0x80040111 (NS_ERROR_NOT_AVAILABLE) [nsICertOverrideService.setDisableAllSecurityChecksAndLetAttackersInterceptMyData]

###!!! [Parent][RunMessage] Error: Channel closing: too late to send/recv, messages will be lost

1641664411810	geckodriver	INFO	Listening on 127.0.0.1:53717
1641664414898	mozrunner::runner	INFO	Running command: "C:\\Program Files (x86)\\Mozilla Firefox\\firefox.exe" "--marionette" "--remote-debugging-port" "53718" "-no-remote" "-profile" "C:\\Users\\luca\\AppData\\Local\\Temp\\rust_mozprofileN0tKPJ"
1641664415398	Marionette	INFO	Marionette enabled
console.warn: SearchSettings: "get: No settings file exists, new profile?" (new NotFoundError("Could not open the file at C:\\Users\\luca\\AppData\\Local\\Temp\\rust_mozprofileN0tKPJ\\search.json.mozlz4", (void 0)))
DevTools listening on ws://localhost:53718/devtools/browser/618c15cf-073c-49ee-b62d-b56162c4862e
1641664417976	Marionette	INFO	Listening on port 53724
1641664418093	RemoteAgent	WARN	TLS certificate errors will be ignored for this session
JavaScript warning: https://static.geetest.com/static/js/fullpage.9.0.8.js, line 1: WEBGL_debug_renderer_info is deprecated in Firefox and will be removed. Please use RENDERER.
1641664450882	Marionette	INFO	Stopped listening on port 53724
console.warn: TopSitesFeed: Failed to fetch data from Contile server: NetworkError when attempting to fetch resource.
JavaScript error: chrome://remote/content/marionette/cert.js, line 55: NS_ERROR_NOT_AVAILABLE: Component returned failure code: 0x80040111 (NS_ERROR_NOT_AVAILABLE) [nsICertOverrideService.setDisableAllSecurityChecksAndLetAttackersInterceptMyData]

###!!! [Parent][RunMessage] Error: Channel closing: too late to send/recv, messages will be lost

1641664473819	geckodriver	INFO	Listening on 127.0.0.1:53826
1641664476914	mozrunner::runner	INFO	Running command: "C:\\Program Files (x86)\\Mozilla Firefox\\firefox.exe" "--marionette" "--remote-debugging-port" "53827" "-no-remote" "-profile" "C:\\Users\\luca\\AppData\\Local\\Temp\\rust_mozprofilek8N4W4"
1641664477323	Marionette	INFO	Marionette enabled
console.warn: SearchSettings: "get: No settings file exists, new profile?" (new NotFoundError("Could not open the file at C:\\Users\\luca\\AppData\\Local\\Temp\\rust_mozprofilek8N4W4\\search.json.mozlz4", (void 0)))
DevTools listening on ws://localhost:53827/devtools/browser/751e3ebd-8a29-40ec-ad72-0315870e046e
1641664479549	Marionette	INFO	Listening on port 53833
1641664479614	RemoteAgent	WARN	TLS certificate errors will be ignored for this session
JavaScript warning: https://static.geetest.com/static/js/fullpage.9.0.8.js, line 1: WEBGL_debug_renderer_info is deprecated in Firefox and will be removed. Please use RENDERER.
1641664515273	Marionette	INFO	Stopped listening on port 53833
console.warn: TopSitesFeed: Failed to fetch data from Contile server: NetworkError when attempting to fetch resource.

###!!! [Parent][RunMessage] Error: Channel closing: too late to send/recv, messages will be lost

1641665599473	geckodriver	INFO	Listening on 127.0.0.1:63977
1641665602556	mozrunner::runner	INFO	Running command: "C:\\Program Files (x86)\\Mozilla Firefox\\firefox.exe" "--marionette" "--remote-debugging-port" "63978" "-no-remote" "-profile" "C:\\Users\\luca\\AppData\\Local\\Temp\\rust_mozprofileUiYTyl"
1641665603106	Marionette	INFO	Marionette enabled
console.warn: SearchSettings: "get: No settings file exists, new profile?" (new NotFoundError("Could not open the file at C:\\Users\\luca\\AppData\\Local\\Temp\\rust_mozprofileUiYTyl\\search.json.mozlz4", (void 0)))
DevTools listening on ws://localhost:63978/devtools/browser/049924b3-a7af-4d22-ab4d-be318700543e
1641665606201	Marionette	INFO	Listening on port 63984
1641665606266	RemoteAgent	WARN	TLS certificate errors will be ignored for this session
JavaScript warning: https://static.geetest.com/static/js/fullpage.9.0.8.js, line 1: WEBGL_debug_renderer_info is deprecated in Firefox and will be removed. Please use RENDERER.
1641665654515	Marionette	INFO	Stopped listening on port 63984
1641665655573	geckodriver	INFO	Listening on 127.0.0.1:64090
1641665658650	mozrunner::runner	INFO	Running command: "C:\\Program Files (x86)\\Mozilla Firefox\\firefox.exe" "--marionette" "--remote-debugging-port" "64091" "-no-remote" "-profile" "C:\\Users\\luca\\AppData\\Local\\Temp\\rust_mozprofileCXw1Wc"
1641665659402	Marionette	INFO	Marionette enabled
console.warn: SearchSettings: "get: No settings file exists, new profile?" (new NotFoundError("Could not open the file at C:\\Users\\luca\\AppData\\Local\\Temp\\rust_mozprofileCXw1Wc\\search.json.mozlz4", (void 0)))
DevTools listening on ws://localhost:64091/devtools/browser/59e63785-e2df-4640-80d6-d1d97364a849
1641665662896	Marionette	INFO	Listening on port 64097
1641665662945	RemoteAgent	WARN	TLS certificate errors will be ignored for this session
JavaScript warning: https://static.geetest.com/static/js/fullpage.9.0.8.js, line 1: WEBGL_debug_renderer_info is deprecated in Firefox and will be removed. Please use RENDERER.
1641665701052	Marionette	INFO	Stopped listening on port 64097

###!!! [Parent][RunMessage] Error: Channel closing: too late to send/recv, messages will be lost

1641665702814	geckodriver	INFO	Listening on 127.0.0.1:64184
1641665705903	mozrunner::runner	INFO	Running command: "C:\\Program Files (x86)\\Mozilla Firefox\\firefox.exe" "--marionette" "--remote-debugging-port" "64185" "-no-remote" "-profile" "C:\\Users\\luca\\AppData\\Local\\Temp\\rust_mozprofile0lnLOv"
1641665706381	Marionette	INFO	Marionette enabled
console.warn: SearchSettings: "get: No settings file exists, new profile?" (new NotFoundError("Could not open the file at C:\\Users\\luca\\AppData\\Local\\Temp\\rust_mozprofile0lnLOv\\search.json.mozlz4", (void 0)))
DevTools listening on ws://localhost:64185/devtools/browser/5c03f458-21a1-4e34-bb0a-0da1339ccc4e
1641665709757	Marionette	INFO	Listening on port 64190
1641665710068	RemoteAgent	WARN	TLS certificate errors will be ignored for this session
JavaScript warning: https://static.geetest.com/static/js/fullpage.9.0.8.js, line 1: WEBGL_debug_renderer_info is deprecated in Firefox and will be removed. Please use RENDERER.
1641665731104	Marionette	INFO	Stopped listening on port 64190
console.warn: TopSitesFeed: Failed to fetch data from Contile server: NetworkError when attempting to fetch resource.

###!!! [Child][RunMessage] Error: Channel closing: too late to send/recv, messages will be lost


###!!! [Parent][RunMessage] Error: Channel closing: too late to send/recv, messages will be lost

 "get: No settings file exists, new profile?" (new NotFoundError("Could not open the file at C:\\Users\\luca\\AppData\\Local\\Temp\\rust_mozprofile4edv67\\search.json.mozlz4", (void 0)))
DevTools listening on ws://localhost:64294/devtools/browser/9d02a950-5ae2-471b-b128-b19ab8cea57e
1641665731370	Marionette	INFO	Listening on port 64299
1641665739590	Marionette	INFO	Stopped listening on port 64299
console.warn: TopSitesFeed: Failed to fetch data from Contile server: NetworkError when attempting to fetch resource.

###!!! [Parent][RunMessage] Error: Channel closing: too late to send/recv, messages will be lost

